<?xml version="1.0" encoding="UTF-8"?>
<testsuite name="com.reactive.web.client.reactivewebclient.RESTHandlerTest" tests="1" skipped="0" failures="0" errors="0" timestamp="2020-06-17T14:22:45" hostname="C02Y10D3JGH5" time="1.271">
  <properties/>
  <testcase name="getTest()" classname="com.reactive.web.client.reactivewebclient.RESTHandlerTest" time="1.271"/>
  <system-out><![CDATA[19:52:45.622 [Test worker] DEBUG io.netty.util.internal.logging.InternalLoggerFactory - Using SLF4J as the default logging framework
19:52:45.648 [Test worker] DEBUG io.netty.util.internal.PlatformDependent - Platform: MacOS
19:52:45.650 [Test worker] DEBUG io.netty.util.internal.PlatformDependent0 - -Dio.netty.noUnsafe: false
19:52:45.651 [Test worker] DEBUG io.netty.util.internal.PlatformDependent0 - Java version: 8
19:52:45.652 [Test worker] DEBUG io.netty.util.internal.PlatformDependent0 - sun.misc.Unsafe.theUnsafe: available
19:52:45.653 [Test worker] DEBUG io.netty.util.internal.PlatformDependent0 - sun.misc.Unsafe.copyMemory: available
19:52:45.654 [Test worker] DEBUG io.netty.util.internal.PlatformDependent0 - java.nio.Buffer.address: available
19:52:45.654 [Test worker] DEBUG io.netty.util.internal.PlatformDependent0 - direct buffer constructor: available
19:52:45.655 [Test worker] DEBUG io.netty.util.internal.PlatformDependent0 - java.nio.Bits.unaligned: available, true
19:52:45.655 [Test worker] DEBUG io.netty.util.internal.PlatformDependent0 - jdk.internal.misc.Unsafe.allocateUninitializedArray(int): unavailable prior to Java9
19:52:45.655 [Test worker] DEBUG io.netty.util.internal.PlatformDependent0 - java.nio.DirectByteBuffer.<init>(long, int): available
19:52:45.655 [Test worker] DEBUG io.netty.util.internal.PlatformDependent - sun.misc.Unsafe: available
19:52:45.656 [Test worker] DEBUG io.netty.util.internal.PlatformDependent - -Dio.netty.tmpdir: /var/folders/09/2gntzg_n4cn_4qg7tmtwmw_r0000gn/T (java.io.tmpdir)
19:52:45.656 [Test worker] DEBUG io.netty.util.internal.PlatformDependent - -Dio.netty.bitMode: 64 (sun.arch.data.model)
19:52:45.657 [Test worker] DEBUG io.netty.util.internal.PlatformDependent - -Dio.netty.maxDirectMemory: 5726797824 bytes
19:52:45.657 [Test worker] DEBUG io.netty.util.internal.PlatformDependent - -Dio.netty.uninitializedArrayAllocationThreshold: -1
19:52:45.658 [Test worker] DEBUG io.netty.util.internal.CleanerJava6 - java.nio.ByteBuffer.cleaner(): available
19:52:45.658 [Test worker] DEBUG io.netty.util.internal.PlatformDependent - -Dio.netty.noPreferDirect: false
19:52:45.662 [Test worker] DEBUG io.netty.util.NetUtil - -Djava.net.preferIPv4Stack: false
19:52:45.662 [Test worker] DEBUG io.netty.util.NetUtil - -Djava.net.preferIPv6Addresses: false
19:52:45.668 [Test worker] DEBUG io.netty.util.NetUtil - Loopback interface: lo0 (lo0, 0:0:0:0:0:0:0:1%lo0)
19:52:45.669 [Test worker] DEBUG io.netty.util.NetUtil - Failed to get SOMAXCONN from sysctl and file /proc/sys/net/core/somaxconn. Default: 128
19:52:45.679 [Test worker] DEBUG reactor.util.Loggers$LoggerFactory - Using Slf4j logging framework
19:52:45.703 [Test worker] DEBUG reactor.netty.tcp.TcpResources - [http] resources will use the default LoopResources: DefaultLoopResources {prefix=reactor-http, daemon=true, selectCount=12, workerCount=12}
19:52:45.704 [Test worker] DEBUG reactor.netty.tcp.TcpResources - [http] resources will use the default ConnectionProvider: reactor.netty.resources.PooledConnectionProvider@1b342bdd
19:52:46.129 [Test worker] INFO reactor.Mono.FlatMap.1 - | onSubscribe([Fuseable] MonoFlatMap.FlatMapMain)
19:52:46.132 [Test worker] INFO reactor.Mono.FlatMap.1 - | request(unbounded)
19:52:46.188 [Test worker] DEBUG reactor.netty.resources.DefaultLoopEpoll - Default Epoll support : false
19:52:46.189 [Test worker] DEBUG reactor.netty.resources.DefaultLoopKQueue - Default KQueue support : false
19:52:46.193 [Test worker] DEBUG io.netty.channel.MultithreadEventLoopGroup - -Dio.netty.eventLoopThreads: 24
19:52:46.206 [Test worker] DEBUG io.netty.util.internal.InternalThreadLocalMap - -Dio.netty.threadLocalMap.stringBuilder.initialSize: 1024
19:52:46.206 [Test worker] DEBUG io.netty.util.internal.InternalThreadLocalMap - -Dio.netty.threadLocalMap.stringBuilder.maxSize: 4096
19:52:46.213 [Test worker] DEBUG io.netty.channel.nio.NioEventLoop - -Dio.netty.noKeySetOptimization: false
19:52:46.213 [Test worker] DEBUG io.netty.channel.nio.NioEventLoop - -Dio.netty.selectorAutoRebuildThreshold: 512
19:52:46.220 [Test worker] DEBUG io.netty.util.internal.PlatformDependent - org.jctools-core.MpscChunkedArrayQueue: available
19:52:46.254 [Test worker] DEBUG org.springframework.web.reactive.function.client.ExchangeFunctions - [19f4c392] HTTP GET http://cookie.jsontest.com/
19:52:46.278 [Test worker] DEBUG io.netty.util.ResourceLeakDetector - -Dio.netty.leakDetection.level: simple
19:52:46.278 [Test worker] DEBUG io.netty.util.ResourceLeakDetector - -Dio.netty.leakDetection.targetRecords: 4
19:52:46.283 [Test worker] DEBUG reactor.netty.resources.PooledConnectionProvider - Creating a new client pool [PoolFactory {maxConnections=500, pendingAcquireMaxCount=-1, pendingAcquireTimeout=45000, maxIdleTime=-1, maxLifeTime=-1, metricsEnabled=false}] for [cookie.jsontest.com:80]
19:52:46.357 [Test worker] DEBUG io.netty.channel.DefaultChannelId - -Dio.netty.processId: 42006 (auto-detected)
19:52:46.362 [Test worker] DEBUG io.netty.channel.DefaultChannelId - -Dio.netty.machineId: ac:de:48:ff:fe:00:11:22 (auto-detected)
19:52:46.387 [Test worker] DEBUG io.netty.buffer.PooledByteBufAllocator - -Dio.netty.allocator.numHeapArenas: 24
19:52:46.387 [Test worker] DEBUG io.netty.buffer.PooledByteBufAllocator - -Dio.netty.allocator.numDirectArenas: 24
19:52:46.387 [Test worker] DEBUG io.netty.buffer.PooledByteBufAllocator - -Dio.netty.allocator.pageSize: 8192
19:52:46.387 [Test worker] DEBUG io.netty.buffer.PooledByteBufAllocator - -Dio.netty.allocator.maxOrder: 11
19:52:46.387 [Test worker] DEBUG io.netty.buffer.PooledByteBufAllocator - -Dio.netty.allocator.chunkSize: 16777216
19:52:46.388 [Test worker] DEBUG io.netty.buffer.PooledByteBufAllocator - -Dio.netty.allocator.tinyCacheSize: 512
19:52:46.388 [Test worker] DEBUG io.netty.buffer.PooledByteBufAllocator - -Dio.netty.allocator.smallCacheSize: 256
19:52:46.388 [Test worker] DEBUG io.netty.buffer.PooledByteBufAllocator - -Dio.netty.allocator.normalCacheSize: 64
19:52:46.388 [Test worker] DEBUG io.netty.buffer.PooledByteBufAllocator - -Dio.netty.allocator.maxCachedBufferCapacity: 32768
19:52:46.388 [Test worker] DEBUG io.netty.buffer.PooledByteBufAllocator - -Dio.netty.allocator.cacheTrimInterval: 8192
19:52:46.388 [Test worker] DEBUG io.netty.buffer.PooledByteBufAllocator - -Dio.netty.allocator.cacheTrimIntervalMillis: 0
19:52:46.388 [Test worker] DEBUG io.netty.buffer.PooledByteBufAllocator - -Dio.netty.allocator.useCacheForAllThreads: true
19:52:46.388 [Test worker] DEBUG io.netty.buffer.PooledByteBufAllocator - -Dio.netty.allocator.maxCachedByteBuffersPerChunk: 1023
19:52:46.395 [Test worker] DEBUG io.netty.buffer.ByteBufUtil - -Dio.netty.allocator.type: pooled
19:52:46.395 [Test worker] DEBUG io.netty.buffer.ByteBufUtil - -Dio.netty.threadLocalDirectBufferSize: 0
19:52:46.395 [Test worker] DEBUG io.netty.buffer.ByteBufUtil - -Dio.netty.maxThreadLocalCharBufferSize: 16384
19:52:46.410 [reactor-http-nio-1] DEBUG reactor.netty.resources.PooledConnectionProvider - [id: 0x48aa9205] Created a new pooled channel, now 1 active connections and 0 inactive connections
19:52:46.432 [reactor-http-nio-1] DEBUG io.netty.buffer.AbstractByteBuf - -Dio.netty.buffer.checkAccessible: true
19:52:46.432 [reactor-http-nio-1] DEBUG io.netty.buffer.AbstractByteBuf - -Dio.netty.buffer.checkBounds: true
19:52:46.434 [reactor-http-nio-1] DEBUG io.netty.util.ResourceLeakDetectorFactory - Loaded default ResourceLeakDetector: io.netty.util.ResourceLeakDetector@31f579a5
19:52:46.441 [reactor-http-nio-1] DEBUG reactor.netty.channel.BootstrapHandlers - [id: 0x48aa9205] Initialized pipeline DefaultChannelPipeline{(BootstrapHandlers$BootstrapInitializerHandler#0 = reactor.netty.channel.BootstrapHandlers$BootstrapInitializerHandler), (PooledConnectionProvider$PooledConnectionAllocator$PooledConnectionInitializer#0 = reactor.netty.resources.PooledConnectionProvider$PooledConnectionAllocator$PooledConnectionInitializer), (reactor.left.httpCodec = io.netty.handler.codec.http.HttpClientCodec), (reactor.left.decompressor = io.netty.handler.codec.http.HttpContentDecompressor), (reactor.right.reactiveBridge = reactor.netty.channel.ChannelOperationsHandler)}
19:52:46.464 [reactor-http-nio-1] DEBUG reactor.netty.resources.PooledConnectionProvider - [id: 0x48aa9205, L:/192.168.1.180:58929 - R:cookie.jsontest.com/172.217.166.243:80] Registering pool release on close event for channel
19:52:46.464 [reactor-http-nio-1] DEBUG reactor.netty.resources.PooledConnectionProvider - [id: 0x48aa9205, L:/192.168.1.180:58929 - R:cookie.jsontest.com/172.217.166.243:80] Channel connected, now 1 active connections and 0 inactive connections
19:52:46.465 [reactor-http-nio-1] DEBUG reactor.netty.resources.PooledConnectionProvider - [id: 0x48aa9205, L:/192.168.1.180:58929 - R:cookie.jsontest.com/172.217.166.243:80] onStateChange(PooledConnection{channel=[id: 0x48aa9205, L:/192.168.1.180:58929 - R:cookie.jsontest.com/172.217.166.243:80]}, [connected])
19:52:46.471 [reactor-http-nio-1] DEBUG reactor.netty.resources.PooledConnectionProvider - [id: 0x48aa9205, L:/192.168.1.180:58929 - R:cookie.jsontest.com/172.217.166.243:80] onStateChange(GET{uri=/, connection=PooledConnection{channel=[id: 0x48aa9205, L:/192.168.1.180:58929 - R:cookie.jsontest.com/172.217.166.243:80]}}, [configured])
19:52:46.472 [reactor-http-nio-1] DEBUG reactor.netty.http.client.HttpClientConnect - [id: 0x48aa9205, L:/192.168.1.180:58929 - R:cookie.jsontest.com/172.217.166.243:80] Handler is being applied: {uri=http://cookie.jsontest.com/, method=GET}
19:52:46.473 [reactor-http-nio-1] DEBUG reactor.netty.resources.PooledConnectionProvider - [id: 0x48aa9205, L:/192.168.1.180:58929 - R:cookie.jsontest.com/172.217.166.243:80] onStateChange(GET{uri=/, connection=PooledConnection{channel=[id: 0x48aa9205, L:/192.168.1.180:58929 - R:cookie.jsontest.com/172.217.166.243:80]}}, [request_prepared])
19:52:46.483 [reactor-http-nio-1] DEBUG io.netty.util.Recycler - -Dio.netty.recycler.maxCapacityPerThread: 4096
19:52:46.483 [reactor-http-nio-1] DEBUG io.netty.util.Recycler - -Dio.netty.recycler.maxSharedCapacityFactor: 2
19:52:46.483 [reactor-http-nio-1] DEBUG io.netty.util.Recycler - -Dio.netty.recycler.linkCapacity: 16
19:52:46.483 [reactor-http-nio-1] DEBUG io.netty.util.Recycler - -Dio.netty.recycler.ratio: 8
19:52:46.483 [reactor-http-nio-1] DEBUG io.netty.util.Recycler - -Dio.netty.recycler.delayedQueue.ratio: 8
19:52:46.490 [reactor-http-nio-1] DEBUG reactor.netty.resources.PooledConnectionProvider - [id: 0x48aa9205, L:/192.168.1.180:58929 - R:cookie.jsontest.com/172.217.166.243:80] onStateChange(GET{uri=/, connection=PooledConnection{channel=[id: 0x48aa9205, L:/192.168.1.180:58929 - R:cookie.jsontest.com/172.217.166.243:80]}}, [request_sent])
19:52:46.772 [reactor-http-nio-1] DEBUG reactor.netty.http.client.HttpClientOperations - [id: 0x48aa9205, L:/192.168.1.180:58929 - R:cookie.jsontest.com/172.217.166.243:80] Received response (auto-read:false) : [Set-Cookie=jsontestdotcom=ms:1592403766636;Expires=Wed, 24-Jun-2020 14:22:46 GMT, Expires=Thu, 01 Jan 1970 00:00:00 GMT, Access-Control-Allow-Origin=*, Content-Type=application/json, X-Cloud-Trace-Context=918d5d741ebe55a9505e20285f47ccdf, Date=Wed, 17 Jun 2020 14:22:46 GMT, Server=Google Frontend, Content-Length=57, Cache-Control=private]
19:52:46.772 [reactor-http-nio-1] DEBUG reactor.netty.resources.PooledConnectionProvider - [id: 0x48aa9205, L:/192.168.1.180:58929 - R:cookie.jsontest.com/172.217.166.243:80] onStateChange(GET{uri=/, connection=PooledConnection{channel=[id: 0x48aa9205, L:/192.168.1.180:58929 - R:cookie.jsontest.com/172.217.166.243:80]}}, [response_received])
19:52:46.774 [reactor-http-nio-1] DEBUG org.springframework.web.reactive.function.client.ExchangeFunctions - [19f4c392] Response 200 OK
19:52:46.791 [reactor-http-nio-1] DEBUG reactor.netty.channel.FluxReceive - [id: 0x48aa9205, L:/192.168.1.180:58929 - R:cookie.jsontest.com/172.217.166.243:80] Subscribing inbound receiver [pending: 0, cancelled:false, inboundDone: false]
19:52:46.795 [reactor-http-nio-1] DEBUG reactor.netty.http.client.HttpClientOperations - [id: 0x48aa9205, L:/192.168.1.180:58929 - R:cookie.jsontest.com/172.217.166.243:80] Received last HTTP packet
19:52:46.797 [reactor-http-nio-1] DEBUG org.springframework.core.codec.StringDecoder - [19f4c392] Decoded "{"cookie_status": "Cookie set with name jsontestdotcom"}
"
19:52:46.797 [reactor-http-nio-1] INFO reactor.Mono.FlatMap.1 - | onNext({"cookie_status": "Cookie set with name jsontestdotcom"}
)
19:52:46.798 [reactor-http-nio-1] INFO reactor.Mono.FlatMap.1 - | onComplete()
19:52:46.798 [reactor-http-nio-1] DEBUG reactor.netty.resources.PooledConnectionProvider - [id: 0x48aa9205, L:/192.168.1.180:58929 - R:cookie.jsontest.com/172.217.166.243:80] onStateChange(GET{uri=/, connection=PooledConnection{channel=[id: 0x48aa9205, L:/192.168.1.180:58929 - R:cookie.jsontest.com/172.217.166.243:80]}}, [response_completed])
19:52:46.798 [reactor-http-nio-1] DEBUG reactor.netty.resources.PooledConnectionProvider - [id: 0x48aa9205, L:/192.168.1.180:58929 - R:cookie.jsontest.com/172.217.166.243:80] onStateChange(GET{uri=/, connection=PooledConnection{channel=[id: 0x48aa9205, L:/192.168.1.180:58929 - R:cookie.jsontest.com/172.217.166.243:80]}}, [disconnecting])
19:52:46.800 [reactor-http-nio-1] DEBUG reactor.netty.resources.PooledConnectionProvider - [id: 0x48aa9205, L:/192.168.1.180:58929 - R:cookie.jsontest.com/172.217.166.243:80] Releasing channel
19:52:46.802 [reactor-http-nio-1] DEBUG reactor.netty.resources.PooledConnectionProvider - [id: 0x48aa9205, L:/192.168.1.180:58929 - R:cookie.jsontest.com/172.217.166.243:80] Channel cleaned, now 0 active connections and 1 inactive connections
]]></system-out>
  <system-err><![CDATA[]]></system-err>
</testsuite>
